  CNetServer.cpp
C:\Users\sdj53\Documents\GitHub\LockFree-NetworkLibrary\common_files\include\buffer\Ring_Buffer.h(33,23): warning C4244: 'return': '__int64'에서 'int'(으)로 변환하면서 데이터가 손실될 수 있습니다.
  (소스 파일 '../../network_library/src/CNetServer.cpp'을(를) 컴파일하는 중)
  
C:\Users\sdj53\Documents\GitHub\LockFree-NetworkLibrary\common_files\include\buffer\Ring_Buffer.h(36,36): warning C4244: 'return': '__int64'에서 'int'(으)로 변환하면서 데이터가 손실될 수 있습니다.
  (소스 파일 '../../network_library/src/CNetServer.cpp'을(를) 컴파일하는 중)
  
C:\Users\sdj53\Documents\GitHub\LockFree-NetworkLibrary\common_files\include\buffer\Ring_Buffer.h(50,36): warning C4244: 'return': '__int64'에서 'int'(으)로 변환하면서 데이터가 손실될 수 있습니다.
  (소스 파일 '../../network_library/src/CNetServer.cpp'을(를) 컴파일하는 중)
  
C:\Users\sdj53\Documents\GitHub\LockFree-NetworkLibrary\common_files\include\buffer\Ring_Buffer.h(53,22): warning C4244: 'return': '__int64'에서 'int'(으)로 변환하면서 데이터가 손실될 수 있습니다.
  (소스 파일 '../../network_library/src/CNetServer.cpp'을(를) 컴파일하는 중)
  
C:\Users\sdj53\Documents\GitHub\LockFree-NetworkLibrary\common_files\include\buffer\Ring_Buffer.h(93,23): warning C4244: 'return': '__int64'에서 'int'(으)로 변환하면서 데이터가 손실될 수 있습니다.
  (소스 파일 '../../network_library/src/CNetServer.cpp'을(를) 컴파일하는 중)
  
C:\Users\sdj53\Documents\GitHub\LockFree-NetworkLibrary\common_files\include\buffer\Ring_Buffer.h(95,29): warning C4244: 'return': '__int64'에서 'int'(으)로 변환하면서 데이터가 손실될 수 있습니다.
  (소스 파일 '../../network_library/src/CNetServer.cpp'을(를) 컴파일하는 중)
  
C:\Users\sdj53\Documents\GitHub\LockFree-NetworkLibrary\common_files\include\buffer\Ring_Buffer.h(110,24): warning C4244: 'return': '__int64'에서 'int'(으)로 변환하면서 데이터가 손실될 수 있습니다.
  (소스 파일 '../../network_library/src/CNetServer.cpp'을(를) 컴파일하는 중)
  
C:\Users\sdj53\Documents\GitHub\LockFree-NetworkLibrary\common_files\include\buffer\Ring_Buffer.h(113,28): warning C4244: 'return': '__int64'에서 'int'(으)로 변환하면서 데이터가 손실될 수 있습니다.
  (소스 파일 '../../network_library/src/CNetServer.cpp'을(를) 컴파일하는 중)
  
C:\Users\sdj53\Documents\GitHub\LockFree-NetworkLibrary\common_files\include\buffer\Ring_Buffer.h(127,21): warning C4244: '=': '__int64'에서 'int'(으)로 변환하면서 데이터가 손실될 수 있습니다.
  (소스 파일 '../../network_library/src/CNetServer.cpp'을(를) 컴파일하는 중)
  
C:\Users\sdj53\Documents\GitHub\LockFree-NetworkLibrary\common_files\include\buffer\Ring_Buffer.h(143,20): warning C4244: '=': '__int64'에서 'int'(으)로 변환하면서 데이터가 손실될 수 있습니다.
  (소스 파일 '../../network_library/src/CNetServer.cpp'을(를) 컴파일하는 중)
  
C:\Users\sdj53\Documents\GitHub\LockFree-NetworkLibrary\network_library\src\CNetServer.cpp(32,9): warning C4244: '인수': 'WCHAR'에서 'const _Elem'(으)로 변환하면서 데이터가 손실될 수 있습니다.
C:\Users\sdj53\Documents\GitHub\LockFree-NetworkLibrary\network_library\src\CNetServer.cpp(32,9): warning C4244:         with
C:\Users\sdj53\Documents\GitHub\LockFree-NetworkLibrary\network_library\src\CNetServer.cpp(32,9): warning C4244:         [
C:\Users\sdj53\Documents\GitHub\LockFree-NetworkLibrary\network_library\src\CNetServer.cpp(32,9): warning C4244:             _Elem=char
C:\Users\sdj53\Documents\GitHub\LockFree-NetworkLibrary\network_library\src\CNetServer.cpp(32,9): warning C4244:         ]
C:\Users\sdj53\Documents\GitHub\LockFree-NetworkLibrary\network_library\src\CNetServer.cpp(73,43): warning C4244: '인수': 'LONG64'에서 'long'(으)로 변환하면서 데이터가 손실될 수 있습니다.
C:\Users\sdj53\Documents\GitHub\LockFree-NetworkLibrary\network_library\src\CNetServer.cpp(81,43): warning C4244: '인수': 'LONG64'에서 'long'(으)로 변환하면서 데이터가 손실될 수 있습니다.
C:\Users\sdj53\Documents\GitHub\LockFree-NetworkLibrary\network_library\src\CNetServer.cpp(107,3): warning C4129: ' ': 인식할 수 없는 문자 이스케이프 시퀀스입니다.
C:\Users\sdj53\Documents\GitHub\LockFree-NetworkLibrary\network_library\src\CNetServer.cpp(108,44): warning C4244: '인수': 'LONG64'에서 'long'(으)로 변환하면서 데이터가 손실될 수 있습니다.
C:\Users\sdj53\Documents\GitHub\LockFree-NetworkLibrary\network_library\src\CNetServer.cpp(152,42): warning C4244: '인수': 'LONG64'에서 'long'(으)로 변환하면서 데이터가 손실될 수 있습니다.
C:\Users\sdj53\Documents\GitHub\LockFree-NetworkLibrary\network_library\src\CNetServer.cpp(191,41): warning C4244: '인수': 'LONG64'에서 'long'(으)로 변환하면서 데이터가 손실될 수 있습니다.
C:\Users\sdj53\Documents\GitHub\LockFree-NetworkLibrary\network_library\src\CNetServer.cpp(258,5): warning C4129: ' ': 인식할 수 없는 문자 이스케이프 시퀀스입니다.
C:\Users\sdj53\Documents\GitHub\LockFree-NetworkLibrary\network_library\src\CNetServer.cpp(268,5): warning C4129: ' ': 인식할 수 없는 문자 이스케이프 시퀀스입니다.
C:\Users\sdj53\Documents\GitHub\LockFree-NetworkLibrary\network_library\src\CNetServer.cpp(313,4): warning C4129: ' ': 인식할 수 없는 문자 이스케이프 시퀀스입니다.
C:\Users\sdj53\Documents\GitHub\LockFree-NetworkLibrary\network_library\src\CNetServer.cpp(340,18): warning C4805: '==': 연산에 'INT' 형식과 'bool' 형식을 함께 사용하는 것은 안전하지 않습니다.
C:\Users\sdj53\Documents\GitHub\LockFree-NetworkLibrary\network_library\src\CNetServer.cpp(382,4): warning C4129: ' ': 인식할 수 없는 문자 이스케이프 시퀀스입니다.
C:\Users\sdj53\Documents\GitHub\LockFree-NetworkLibrary\network_library\src\CNetServer.cpp(393,58): warning C4244: '인수': 'LONG64'에서 'long'(으)로 변환하면서 데이터가 손실될 수 있습니다.
C:\Users\sdj53\Documents\GitHub\LockFree-NetworkLibrary\network_library\src\CNetServer.cpp(308,8): warning C4101: 'retrel' :참조되지 않은 지역 변수입니다.
C:\Users\sdj53\Documents\GitHub\LockFree-NetworkLibrary\network_library\src\CNetServer.cpp(431,55): warning C4244: '인수': 'LONG64'에서 'long'(으)로 변환하면서 데이터가 손실될 수 있습니다.
C:\Users\sdj53\Documents\GitHub\LockFree-NetworkLibrary\network_library\src\CNetServer.cpp(437,55): warning C4244: '인수': 'LONG64'에서 'long'(으)로 변환하면서 데이터가 손실될 수 있습니다.
C:\Users\sdj53\Documents\GitHub\LockFree-NetworkLibrary\network_library\src\CNetServer.cpp(486,3): warning C4129: ' ': 인식할 수 없는 문자 이스케이프 시퀀스입니다.
C:\Users\sdj53\Documents\GitHub\LockFree-NetworkLibrary\network_library\src\CNetServer.cpp(494,3): warning C4129: ' ': 인식할 수 없는 문자 이스케이프 시퀀스입니다.
C:\Users\sdj53\Documents\GitHub\LockFree-NetworkLibrary\network_library\src\CNetServer.cpp(642,5): warning C4129: ' ': 인식할 수 없는 문자 이스케이프 시퀀스입니다.
C:\Users\sdj53\Documents\GitHub\LockFree-NetworkLibrary\network_library\src\CNetServer.cpp(645,45): warning C4244: '인수': 'LONG64'에서 'long'(으)로 변환하면서 데이터가 손실될 수 있습니다.
C:\Users\sdj53\Documents\GitHub\LockFree-NetworkLibrary\network_library\src\CNetServer.cpp(745,4): warning C4129: ' ': 인식할 수 없는 문자 이스케이프 시퀀스입니다.
C:\Users\sdj53\Documents\GitHub\LockFree-NetworkLibrary\network_library\src\CNetServer.cpp(757,5): warning C4129: ' ': 인식할 수 없는 문자 이스케이프 시퀀스입니다.
C:\Users\sdj53\Documents\GitHub\LockFree-NetworkLibrary\network_library\src\CNetServer.cpp(761,45): warning C4244: '인수': 'LONG64'에서 'long'(으)로 변환하면서 데이터가 손실될 수 있습니다.
C:\Users\sdj53\Documents\GitHub\LockFree-NetworkLibrary\network_library\src\CNetServer.cpp(769,3): warning C4129: ' ': 인식할 수 없는 문자 이스케이프 시퀀스입니다.
C:\Users\sdj53\Documents\GitHub\LockFree-NetworkLibrary\network_library\src\CNetServer.cpp(714,12): warning C4101: 'temp' :참조되지 않은 지역 변수입니다.
C:\Users\sdj53\Documents\GitHub\LockFree-NetworkLibrary\network_library\src\CNetServer.cpp(784,44): warning C4244: '인수': 'LONG64'에서 'long'(으)로 변환하면서 데이터가 손실될 수 있습니다.
C:\Users\sdj53\Documents\GitHub\LockFree-NetworkLibrary\network_library\src\CNetServer.cpp(791,44): warning C4244: '인수': 'LONG64'에서 'long'(으)로 변환하면서 데이터가 손실될 수 있습니다.
C:\Users\sdj53\Documents\GitHub\LockFree-NetworkLibrary\network_library\src\CNetServer.cpp(928,4): warning C4129: ' ': 인식할 수 없는 문자 이스케이프 시퀀스입니다.
C:\Users\sdj53\Documents\GitHub\LockFree-NetworkLibrary\network_library\src\CNetServer.cpp(952,43): warning C4244: '인수': 'LONG64'에서 'long'(으)로 변환하면서 데이터가 손실될 수 있습니다.
C:\Users\sdj53\Documents\GitHub\LockFree-NetworkLibrary\network_library\src\CNetServer.cpp(977,43): warning C4244: '인수': 'LONG64'에서 'long'(으)로 변환하면서 데이터가 손실될 수 있습니다.
C:\Users\sdj53\Documents\GitHub\LockFree-NetworkLibrary\common_files\include\lockfree\LFStack.h(119,35): warning C4244: '=': 'LONG64'에서 'DWORD'(으)로 변환하면서 데이터가 손실될 수 있습니다.
  (소스 파일 '../../network_library/src/CNetServer.cpp'을(를) 컴파일하는 중)
      C:\Users\sdj53\Documents\GitHub\LockFree-NetworkLibrary\common_files\include\lockfree\LFStack.h(119,35):
      템플릿 인스턴스화 컨텍스트(가장 오래된 인스턴스화 컨텍스트)가
          C:\Users\sdj53\Documents\GitHub\LockFree-NetworkLibrary\network_library\src\CNetServer.cpp(227,2):
          컴파일되는 클래스 템플릿 인스턴스화 'LFStack<UINT16>'에 대한 참조를 확인하세요.
          C:\Users\sdj53\Documents\GitHub\LockFree-NetworkLibrary\common_files\include\lockfree\LFStack.h(83,7):
          클래스 템플릿 멤버 함수 'bool LFStack<UINT16>::Pop(T &)'을(를) 컴파일하는 중입니다.
          with
          [
              T=UINT16
          ]
              C:\Users\sdj53\Documents\GitHub\LockFree-NetworkLibrary\network_library\src\CNetServer.cpp(364,26):
              'CNetServer::AcceptThread'에서 'LFStack<UINT16>::Pop'에 대한 첫 번째 참조를 확인하세요.
  
C:\Users\sdj53\Documents\GitHub\LockFree-NetworkLibrary\common_files\include\memorypool\LockFreeMemoryPoolLive.h(74,9): warning C4101: 'tempTop' :참조되지 않은 지역 변수입니다.
  (소스 파일 '../../network_library/src/CNetServer.cpp'을(를) 컴파일하는 중)
      C:\Users\sdj53\Documents\GitHub\LockFree-NetworkLibrary\common_files\include\memorypool\LockFreeMemoryPoolLive.h(74,9):
      템플릿 인스턴스화 컨텍스트(가장 오래된 인스턴스화 컨텍스트)가
          C:\Users\sdj53\Documents\GitHub\LockFree-NetworkLibrary\common_files\include\lockfree\LFStack.h(83,7):
          클래스 템플릿 멤버 함수 'bool LFStack<UINT16>::Pop(T &)'을(를) 컴파일하는 중입니다.
          with
          [
              T=UINT16
          ]
              C:\Users\sdj53\Documents\GitHub\LockFree-NetworkLibrary\network_library\src\CNetServer.cpp(364,26):
              'CNetServer::AcceptThread'에서 'LFStack<UINT16>::Pop'에 대한 첫 번째 참조를 확인하세요.
          C:\Users\sdj53\Documents\GitHub\LockFree-NetworkLibrary\common_files\include\lockfree\LFStack.h(115,9):
          컴파일되는 클래스 템플릿 인스턴스화 'CMemoryPool<LFStack<UINT16>::Node>'에 대한 참조를 확인하세요.
          C:\Users\sdj53\Documents\GitHub\LockFree-NetworkLibrary\common_files\include\memorypool\LockFreeMemoryPoolLive.h(70,3):
          클래스 템플릿 멤버 함수 'CMemoryPool<LFStack<UINT16>::Node>::~CMemoryPool(void)'을(를) 컴파일하는 중입니다.
              C:\Users\sdj53\Documents\GitHub\LockFree-NetworkLibrary\common_files\include\memorypool\LockFreeMemoryPoolLive.h(308,1):
              'CMemoryPool<LFStack<UINT16>::Node>::~CMemoryPool'에서 'CMemoryPool<LFStack<UINT16>::Node>::~CMemoryPool'에 대한 첫 번째 참조를 확인하세요.
  
  코드를 생성하고 있습니다.
  Previous IPDB not found, fall back to full compilation.
C:\Users\sdj53\Documents\GitHub\LockFree-NetworkLibrary\common_files\src\buffer\CMessage.cpp(142): warning C4715: 'CMessage::GetRealDataSize': 모든 제어 경로에서 값을 반환하지는 않습니다.
  All 1147 functions were compiled because no usable IPDB/IOBJ from previous compilation was found.
  코드를 생성했습니다.
  ChatServerLive.vcxproj -> C:\Users\sdj53\Documents\GitHub\LockFree-NetworkLibrary\servers\chatserver\x64\Release\ChatServerLive.exe
