  CMessage.cpp
C:\Users\sdj53\Documents\GitHub\LockFree-NetworkLibrary\common_files\src\buffer\CMessage.cpp(110,23): warning C4805: '==': 연산에 'BOOL' 형식과 'bool' 형식을 함께 사용하는 것은 안전하지 않습니다.
C:\Users\sdj53\Documents\GitHub\LockFree-NetworkLibrary\common_files\src\buffer\CMessage.cpp(238,44): warning C4244: '인수': 'double'에서 'size_t'(으)로 변환하면서 데이터가 손실될 수 있습니다.
C:\Users\sdj53\Documents\GitHub\LockFree-NetworkLibrary\common_files\src\buffer\CMessage.cpp(241,15): warning C4244: '초기화 중': '__int64'에서 'int'(으)로 변환하면서 데이터가 손실될 수 있습니다.
C:\Users\sdj53\Documents\GitHub\LockFree-NetworkLibrary\common_files\src\buffer\CMessage.cpp(242,15): warning C4244: '초기화 중': '__int64'에서 'int'(으)로 변환하면서 데이터가 손실될 수 있습니다.
C:\Users\sdj53\Documents\GitHub\LockFree-NetworkLibrary\common_files\src\buffer\CMessage.cpp(249,32): warning C4244: '=': 'double'에서 'INT'(으)로 변환하면서 데이터가 손실될 수 있습니다.
C:\Users\sdj53\Documents\GitHub\LockFree-NetworkLibrary\common_files\include\memorypool\LockFreeMemoryPoolLive.h(74,9): warning C4101: 'tempTop' :참조되지 않은 지역 변수입니다.
  (소스 파일 '../../common_files/src/buffer/CMessage.cpp'을(를) 컴파일하는 중)
      C:\Users\sdj53\Documents\GitHub\LockFree-NetworkLibrary\common_files\include\memorypool\LockFreeMemoryPoolLive.h(74,9):
      템플릿 인스턴스화 컨텍스트(가장 오래된 인스턴스화 컨텍스트)가
          C:\Users\sdj53\Documents\GitHub\LockFree-NetworkLibrary\common_files\src\buffer\CMessage.cpp(59,9):
          컴파일되는 클래스 템플릿 인스턴스화 'CMPoolTLS<CMessage>'에 대한 참조를 확인하세요.
          C:\Users\sdj53\Documents\GitHub\LockFree-NetworkLibrary\common_files\include\memorypool\MemoryPoolTLS.h(89,3):
          클래스 템플릿 멤버 함수 'CMPoolTLS<CMessage>::~CMPoolTLS(void)'을(를) 컴파일하는 중입니다.
              C:\Users\sdj53\Documents\GitHub\LockFree-NetworkLibrary\common_files\include\memorypool\MemoryPoolTLS.h(412,1):
              'CMPoolTLS<CMessage>::~CMPoolTLS'에서 'CMPoolTLS<CMessage>::~CMPoolTLS'에 대한 첫 번째 참조를 확인하세요.
          C:\Users\sdj53\Documents\GitHub\LockFree-NetworkLibrary\common_files\include\memorypool\MemoryPoolTLS.h(133,4):
          컴파일되는 클래스 템플릿 인스턴스화 'CMemoryPool<CMPoolTLS<CMessage>::Bucket>'에 대한 참조를 확인하세요.
          C:\Users\sdj53\Documents\GitHub\LockFree-NetworkLibrary\common_files\include\memorypool\LockFreeMemoryPoolLive.h(70,3):
          클래스 템플릿 멤버 함수 'CMemoryPool<CMPoolTLS<CMessage>::Bucket>::~CMemoryPool(void)'을(를) 컴파일하는 중입니다.
              C:\Users\sdj53\Documents\GitHub\LockFree-NetworkLibrary\common_files\include\memorypool\LockFreeMemoryPoolLive.h(308,1):
              'CMemoryPool<CMPoolTLS<CMessage>::Bucket>::~CMemoryPool'에서 'CMemoryPool<CMPoolTLS<CMessage>::Bucket>::~CMemoryPool'에 대한 첫 번째 참조를 확인하세요.
  
C:\Users\sdj53\Documents\GitHub\LockFree-NetworkLibrary\common_files\include\lockfree\LFStack.h(119,35): warning C4244: '=': '__int64'에서 'DWORD'(으)로 변환하면서 데이터가 손실될 수 있습니다.
  (소스 파일 '../../common_files/src/buffer/CMessage.cpp'을(를) 컴파일하는 중)
      C:\Users\sdj53\Documents\GitHub\LockFree-NetworkLibrary\common_files\include\lockfree\LFStack.h(119,35):
      템플릿 인스턴스화 컨텍스트(가장 오래된 인스턴스화 컨텍스트)가
          C:\Users\sdj53\Documents\GitHub\LockFree-NetworkLibrary\common_files\include\memorypool\MemoryPoolTLS.h(144,9):
          컴파일되는 클래스 템플릿 인스턴스화 'LFStack<CMPoolTLS<CMessage>::Bucket *>'에 대한 참조를 확인하세요.
          C:\Users\sdj53\Documents\GitHub\LockFree-NetworkLibrary\common_files\include\lockfree\LFStack.h(83,7):
          클래스 템플릿 멤버 함수 'bool LFStack<CMPoolTLS<CMessage>::Bucket *>::Pop(T &)'을(를) 컴파일하는 중입니다.
          with
          [
              T=CMPoolTLS<CMessage>::Bucket *
          ]
              C:\Users\sdj53\Documents\GitHub\LockFree-NetworkLibrary\common_files\include\memorypool\MemoryPoolTLS.h(144,4):
              'CMPoolTLS<CMessage>::~CMPoolTLS'에서 'LFStack<CMPoolTLS<CMessage>::Bucket *>::Pop'에 대한 첫 번째 참조를 확인하세요.
              C:\Users\sdj53\Documents\GitHub\LockFree-NetworkLibrary\common_files\include\memorypool\MemoryPoolTLS.h(412,1):
              'CMPoolTLS<CMessage>::~CMPoolTLS'에서 'CMPoolTLS<CMessage>::~CMPoolTLS'에 대한 첫 번째 참조를 확인하세요.
  
C:\Users\sdj53\Documents\GitHub\LockFree-NetworkLibrary\common_files\include\memorypool\MemoryPoolTLS.h(367,37): warning C4805: '==': 연산에 'BOOL' 형식과 'bool' 형식을 함께 사용하는 것은 안전하지 않습니다.
  (소스 파일 '../../common_files/src/buffer/CMessage.cpp'을(를) 컴파일하는 중)
      C:\Users\sdj53\Documents\GitHub\LockFree-NetworkLibrary\common_files\include\memorypool\MemoryPoolTLS.h(367,37):
      템플릿 인스턴스화 컨텍스트(가장 오래된 인스턴스화 컨텍스트)가
          C:\Users\sdj53\Documents\GitHub\LockFree-NetworkLibrary\common_files\include\memorypool\MemoryPoolTLS.h(258,7):
          클래스 템플릿 멤버 함수 'bool CMPoolTLS<CMessage>::Free(U *)'을(를) 컴파일하는 중입니다.
          with
          [
              U=CMessage
          ]
              C:\Users\sdj53\Documents\GitHub\LockFree-NetworkLibrary\common_files\src\buffer\CMessage.cpp(72,23):
              'CMessage::Free'에서 'CMPoolTLS<CMessage>::Free'에 대한 첫 번째 참조를 확인하세요.
          C:\Users\sdj53\Documents\GitHub\LockFree-NetworkLibrary\common_files\include\memorypool\MemoryPoolTLS.h(17,8):
          클래스 'CMPoolTLS<CMessage>::CSubPool'을(를) 컴파일하는 동안
          C:\Users\sdj53\Documents\GitHub\LockFree-NetworkLibrary\common_files\include\memorypool\MemoryPoolTLS.h(357,8):
          클래스 템플릿 멤버 함수 'bool CMPoolTLS<CMessage>::CSubPool::Free(U *)'을(를) 컴파일하는 중입니다.
          with
          [
              U=CMessage
          ]
              C:\Users\sdj53\Documents\GitHub\LockFree-NetworkLibrary\common_files\include\memorypool\MemoryPoolTLS.h(281,3):
              'CMPoolTLS<CMessage>::Free'에서 'CMPoolTLS<CMessage>::CSubPool::Free'에 대한 첫 번째 참조를 확인하세요.
              C:\Users\sdj53\Documents\GitHub\LockFree-NetworkLibrary\common_files\src\buffer\CMessage.cpp(72,23):
              'CMessage::Free'에서 'CMPoolTLS<CMessage>::Free'에 대한 첫 번째 참조를 확인하세요.
  
C:\Users\sdj53\Documents\GitHub\LockFree-NetworkLibrary\common_files\include\memorypool\MemoryPoolTLS.h(351,36): warning C4805: '==': 연산에 'BOOL' 형식과 'bool' 형식을 함께 사용하는 것은 안전하지 않습니다.
  (소스 파일 '../../common_files/src/buffer/CMessage.cpp'을(를) 컴파일하는 중)
      C:\Users\sdj53\Documents\GitHub\LockFree-NetworkLibrary\common_files\include\memorypool\MemoryPoolTLS.h(351,36):
      템플릿 인스턴스화 컨텍스트(가장 오래된 인스턴스화 컨텍스트)가
          C:\Users\sdj53\Documents\GitHub\LockFree-NetworkLibrary\common_files\include\memorypool\MemoryPoolTLS.h(319,6):
          클래스 템플릿 멤버 함수 'U *CMPoolTLS<U>::CSubPool::Alloc(void)'을(를) 컴파일하는 중입니다.
          with
          [
              U=CMessage
          ]
              C:\Users\sdj53\Documents\GitHub\LockFree-NetworkLibrary\common_files\include\memorypool\MemoryPoolTLS.h(248,3):
              'CMPoolTLS<CMessage>::Alloc'에서 'CMPoolTLS<CMessage>::CSubPool::Alloc'에 대한 첫 번째 참조를 확인하세요.
              C:\Users\sdj53\Documents\GitHub\LockFree-NetworkLibrary\common_files\src\buffer\CMessage.cpp(59,2):
              'CMessage::Alloc'에서 'CMPoolTLS<CMessage>::Alloc'에 대한 첫 번째 참조를 확인하세요.
  
  Ring_Buffer.cpp
C:\Users\sdj53\Documents\GitHub\LockFree-NetworkLibrary\common_files\include\buffer\Ring_Buffer.h(33,23): warning C4244: 'return': '__int64'에서 'int'(으)로 변환하면서 데이터가 손실될 수 있습니다.
  (소스 파일 '../../common_files/src/buffer/Ring_Buffer.cpp'을(를) 컴파일하는 중)
  
C:\Users\sdj53\Documents\GitHub\LockFree-NetworkLibrary\common_files\include\buffer\Ring_Buffer.h(36,36): warning C4244: 'return': '__int64'에서 'int'(으)로 변환하면서 데이터가 손실될 수 있습니다.
  (소스 파일 '../../common_files/src/buffer/Ring_Buffer.cpp'을(를) 컴파일하는 중)
  
C:\Users\sdj53\Documents\GitHub\LockFree-NetworkLibrary\common_files\include\buffer\Ring_Buffer.h(50,36): warning C4244: 'return': '__int64'에서 'int'(으)로 변환하면서 데이터가 손실될 수 있습니다.
  (소스 파일 '../../common_files/src/buffer/Ring_Buffer.cpp'을(를) 컴파일하는 중)
  
C:\Users\sdj53\Documents\GitHub\LockFree-NetworkLibrary\common_files\include\buffer\Ring_Buffer.h(53,22): warning C4244: 'return': '__int64'에서 'int'(으)로 변환하면서 데이터가 손실될 수 있습니다.
  (소스 파일 '../../common_files/src/buffer/Ring_Buffer.cpp'을(를) 컴파일하는 중)
  
C:\Users\sdj53\Documents\GitHub\LockFree-NetworkLibrary\common_files\include\buffer\Ring_Buffer.h(93,23): warning C4244: 'return': '__int64'에서 'int'(으)로 변환하면서 데이터가 손실될 수 있습니다.
  (소스 파일 '../../common_files/src/buffer/Ring_Buffer.cpp'을(를) 컴파일하는 중)
  
C:\Users\sdj53\Documents\GitHub\LockFree-NetworkLibrary\common_files\include\buffer\Ring_Buffer.h(95,29): warning C4244: 'return': '__int64'에서 'int'(으)로 변환하면서 데이터가 손실될 수 있습니다.
  (소스 파일 '../../common_files/src/buffer/Ring_Buffer.cpp'을(를) 컴파일하는 중)
  
C:\Users\sdj53\Documents\GitHub\LockFree-NetworkLibrary\common_files\include\buffer\Ring_Buffer.h(110,24): warning C4244: 'return': '__int64'에서 'int'(으)로 변환하면서 데이터가 손실될 수 있습니다.
  (소스 파일 '../../common_files/src/buffer/Ring_Buffer.cpp'을(를) 컴파일하는 중)
  
C:\Users\sdj53\Documents\GitHub\LockFree-NetworkLibrary\common_files\include\buffer\Ring_Buffer.h(113,28): warning C4244: 'return': '__int64'에서 'int'(으)로 변환하면서 데이터가 손실될 수 있습니다.
  (소스 파일 '../../common_files/src/buffer/Ring_Buffer.cpp'을(를) 컴파일하는 중)
  
C:\Users\sdj53\Documents\GitHub\LockFree-NetworkLibrary\common_files\include\buffer\Ring_Buffer.h(127,21): warning C4244: '=': '__int64'에서 'int'(으)로 변환하면서 데이터가 손실될 수 있습니다.
  (소스 파일 '../../common_files/src/buffer/Ring_Buffer.cpp'을(를) 컴파일하는 중)
  
C:\Users\sdj53\Documents\GitHub\LockFree-NetworkLibrary\common_files\include\buffer\Ring_Buffer.h(143,20): warning C4244: '=': '__int64'에서 'int'(으)로 변환하면서 데이터가 손실될 수 있습니다.
  (소스 파일 '../../common_files/src/buffer/Ring_Buffer.cpp'을(를) 컴파일하는 중)
  
C:\Users\sdj53\Documents\GitHub\LockFree-NetworkLibrary\common_files\src\buffer\Ring_Buffer.cpp(164,6): warning C4101: 'len' :참조되지 않은 지역 변수입니다.
  DBTLS.cpp
C:\Users\sdj53\Documents\GitHub\LockFree-NetworkLibrary\common_files\src\dbltls\DBTLS.cpp(96,3): warning C4129: ' ': 인식할 수 없는 문자 이스케이프 시퀀스입니다.
  CPUUsage.cpp
  LogClass.cpp
  ProcessMonitor.cpp
C:\Users\sdj53\Documents\GitHub\LockFree-NetworkLibrary\common_files\include\util\ProcessMonitor.h(3,9): warning C4005: 'MAX_PATH': 매크로 재정의
  (소스 파일 '../../common_files/src/util/ProcessMonitor.cpp'을(를) 컴파일하는 중)
      C:\Program Files (x86)\Windows Kits\10\Include\10.0.26100.0\shared\minwindef.h(60,9):
      'MAX_PATH'의 이전 정의를 참조하십시오.
  
C:\Users\sdj53\Documents\GitHub\LockFree-NetworkLibrary\common_files\src\util\ProcessMonitor.cpp(124,20): warning C4018: '<': signed 또는 unsigned가 일치하지 않습니다.
C:\Users\sdj53\Documents\GitHub\LockFree-NetworkLibrary\common_files\src\util\ProcessMonitor.cpp(150,20): warning C4018: '<': signed 또는 unsigned가 일치하지 않습니다.
C:\Users\sdj53\Documents\GitHub\LockFree-NetworkLibrary\common_files\src\util\ProcessMonitor.cpp(108,13): warning C4101: 'status' :참조되지 않은 지역 변수입니다.
  TextParser.cpp
  CLanClient.cpp
C:\Users\sdj53\Documents\GitHub\LockFree-NetworkLibrary\common_files\include\buffer\Ring_Buffer.h(33,23): warning C4244: 'return': '__int64'에서 'int'(으)로 변환하면서 데이터가 손실될 수 있습니다.
  (소스 파일 '../../network_library/src/CLanClient.cpp'을(를) 컴파일하는 중)
  
C:\Users\sdj53\Documents\GitHub\LockFree-NetworkLibrary\common_files\include\buffer\Ring_Buffer.h(36,36): warning C4244: 'return': '__int64'에서 'int'(으)로 변환하면서 데이터가 손실될 수 있습니다.
  (소스 파일 '../../network_library/src/CLanClient.cpp'을(를) 컴파일하는 중)
  
C:\Users\sdj53\Documents\GitHub\LockFree-NetworkLibrary\common_files\include\buffer\Ring_Buffer.h(50,36): warning C4244: 'return': '__int64'에서 'int'(으)로 변환하면서 데이터가 손실될 수 있습니다.
  (소스 파일 '../../network_library/src/CLanClient.cpp'을(를) 컴파일하는 중)
  
C:\Users\sdj53\Documents\GitHub\LockFree-NetworkLibrary\common_files\include\buffer\Ring_Buffer.h(53,22): warning C4244: 'return': '__int64'에서 'int'(으)로 변환하면서 데이터가 손실될 수 있습니다.
  (소스 파일 '../../network_library/src/CLanClient.cpp'을(를) 컴파일하는 중)
  
C:\Users\sdj53\Documents\GitHub\LockFree-NetworkLibrary\common_files\include\buffer\Ring_Buffer.h(93,23): warning C4244: 'return': '__int64'에서 'int'(으)로 변환하면서 데이터가 손실될 수 있습니다.
  (소스 파일 '../../network_library/src/CLanClient.cpp'을(를) 컴파일하는 중)
  
C:\Users\sdj53\Documents\GitHub\LockFree-NetworkLibrary\common_files\include\buffer\Ring_Buffer.h(95,29): warning C4244: 'return': '__int64'에서 'int'(으)로 변환하면서 데이터가 손실될 수 있습니다.
  (소스 파일 '../../network_library/src/CLanClient.cpp'을(를) 컴파일하는 중)
  
C:\Users\sdj53\Documents\GitHub\LockFree-NetworkLibrary\common_files\include\buffer\Ring_Buffer.h(110,24): warning C4244: 'return': '__int64'에서 'int'(으)로 변환하면서 데이터가 손실될 수 있습니다.
  (소스 파일 '../../network_library/src/CLanClient.cpp'을(를) 컴파일하는 중)
  
C:\Users\sdj53\Documents\GitHub\LockFree-NetworkLibrary\common_files\include\buffer\Ring_Buffer.h(113,28): warning C4244: 'return': '__int64'에서 'int'(으)로 변환하면서 데이터가 손실될 수 있습니다.
  (소스 파일 '../../network_library/src/CLanClient.cpp'을(를) 컴파일하는 중)
  
C:\Users\sdj53\Documents\GitHub\LockFree-NetworkLibrary\common_files\include\buffer\Ring_Buffer.h(127,21): warning C4244: '=': '__int64'에서 'int'(으)로 변환하면서 데이터가 손실될 수 있습니다.
  (소스 파일 '../../network_library/src/CLanClient.cpp'을(를) 컴파일하는 중)
  
C:\Users\sdj53\Documents\GitHub\LockFree-NetworkLibrary\common_files\include\buffer\Ring_Buffer.h(143,20): warning C4244: '=': '__int64'에서 'int'(으)로 변환하면서 데이터가 손실될 수 있습니다.
  (소스 파일 '../../network_library/src/CLanClient.cpp'을(를) 컴파일하는 중)
  
C:\Users\sdj53\Documents\GitHub\LockFree-NetworkLibrary\network_library\src\CLanClient.cpp(189,5): warning C4129: ' ': 인식할 수 없는 문자 이스케이프 시퀀스입니다.
C:\Users\sdj53\Documents\GitHub\LockFree-NetworkLibrary\network_library\src\CLanClient.cpp(199,5): warning C4129: ' ': 인식할 수 없는 문자 이스케이프 시퀀스입니다.
C:\Users\sdj53\Documents\GitHub\LockFree-NetworkLibrary\network_library\src\CLanClient.cpp(168,12): warning C4101: 'retrel' :참조되지 않은 지역 변수입니다.
C:\Users\sdj53\Documents\GitHub\LockFree-NetworkLibrary\network_library\src\CLanClient.cpp(256,17): warning C4805: '==': 연산에 'BOOL' 형식과 'bool' 형식을 함께 사용하는 것은 안전하지 않습니다.
C:\Users\sdj53\Documents\GitHub\LockFree-NetworkLibrary\network_library\src\CLanClient.cpp(290,3): warning C4129: ' ': 인식할 수 없는 문자 이스케이프 시퀀스입니다.
C:\Users\sdj53\Documents\GitHub\LockFree-NetworkLibrary\network_library\src\CLanClient.cpp(360,5): warning C4129: ' ': 인식할 수 없는 문자 이스케이프 시퀀스입니다.
C:\Users\sdj53\Documents\GitHub\LockFree-NetworkLibrary\network_library\src\CLanClient.cpp(456,5): warning C4129: ' ': 인식할 수 없는 문자 이스케이프 시퀀스입니다.
C:\Users\sdj53\Documents\GitHub\LockFree-NetworkLibrary\network_library\src\CLanClient.cpp(514,7): warning C4101: 'retrel' :참조되지 않은 지역 변수입니다.
C:\Users\sdj53\Documents\GitHub\LockFree-NetworkLibrary\network_library\src\CLanClient.cpp(592,6): warning C4101: 'retRefCnt' :참조되지 않은 지역 변수입니다.
C:\Users\sdj53\Documents\GitHub\LockFree-NetworkLibrary\network_library\src\CLanClient.cpp(591,6): warning C4101: 'retPeek' :참조되지 않은 지역 변수입니다.
C:\Users\sdj53\Documents\GitHub\LockFree-NetworkLibrary\network_library\src\CLanClient.cpp(593,7): warning C4101: 'retrel' :참조되지 않은 지역 변수입니다.
C:\Users\sdj53\Documents\GitHub\LockFree-NetworkLibrary\common_files\include\memorypool\LockFreeMemoryPoolLive.h(74,9): warning C4101: 'tempTop' :참조되지 않은 지역 변수입니다.
  (소스 파일 '../../network_library/src/CLanClient.cpp'을(를) 컴파일하는 중)
      C:\Users\sdj53\Documents\GitHub\LockFree-NetworkLibrary\common_files\include\memorypool\LockFreeMemoryPoolLive.h(74,9):
      템플릿 인스턴스화 컨텍스트(가장 오래된 인스턴스화 컨텍스트)가
          C:\Users\sdj53\Documents\GitHub\LockFree-NetworkLibrary\network_library\include\CLanClient.h(15,26):
          컴파일되는 클래스 템플릿 인스턴스화 'LFQueueMul<CMessage *>'에 대한 참조를 확인하세요.
          C:\Users\sdj53\Documents\GitHub\LockFree-NetworkLibrary\common_files\include\lockfree\LFQMultiLive.h(151,7):
          클래스 템플릿 멤버 함수 'bool LFQueueMul<CMessage *>::Dequeue(T &)'을(를) 컴파일하는 중입니다.
          with
          [
              T=CMessage *
          ]
              C:\Users\sdj53\Documents\GitHub\LockFree-NetworkLibrary\network_library\src\CLanClient.cpp(421,3):
              'CLanClient::SendPost'에서 'LFQueueMul<CMessage *>::Dequeue'에 대한 첫 번째 참조를 확인하세요.
          C:\Users\sdj53\Documents\GitHub\LockFree-NetworkLibrary\common_files\include\lockfree\LFQMultiLive.h(203,8):
          컴파일되는 클래스 템플릿 인스턴스화 'CMemoryPool<LFQueueMul<CMessage *>::Node>'에 대한 참조를 확인하세요.
          C:\Users\sdj53\Documents\GitHub\LockFree-NetworkLibrary\common_files\include\memorypool\LockFreeMemoryPoolLive.h(70,3):
          클래스 템플릿 멤버 함수 'CMemoryPool<LFQueueMul<CMessage *>::Node>::~CMemoryPool(void)'을(를) 컴파일하는 중입니다.
              C:\Users\sdj53\Documents\GitHub\LockFree-NetworkLibrary\common_files\include\memorypool\LockFreeMemoryPoolLive.h(308,1):
              'CMemoryPool<LFQueueMul<CMessage *>::Node>::~CMemoryPool'에서 'CMemoryPool<LFQueueMul<CMessage *>::Node>::~CMemoryPool'에 대한 첫 번째 참조를 확인하세요.
  
  CLanServer.cpp
C:\Users\sdj53\Documents\GitHub\LockFree-NetworkLibrary\common_files\include\buffer\Ring_Buffer.h(33,23): warning C4244: 'return': '__int64'에서 'int'(으)로 변환하면서 데이터가 손실될 수 있습니다.
  (소스 파일 '../../network_library/src/CLanServer.cpp'을(를) 컴파일하는 중)
  
C:\Users\sdj53\Documents\GitHub\LockFree-NetworkLibrary\common_files\include\buffer\Ring_Buffer.h(36,36): warning C4244: 'return': '__int64'에서 'int'(으)로 변환하면서 데이터가 손실될 수 있습니다.
  (소스 파일 '../../network_library/src/CLanServer.cpp'을(를) 컴파일하는 중)
  
C:\Users\sdj53\Documents\GitHub\LockFree-NetworkLibrary\common_files\include\buffer\Ring_Buffer.h(50,36): warning C4244: 'return': '__int64'에서 'int'(으)로 변환하면서 데이터가 손실될 수 있습니다.
  (소스 파일 '../../network_library/src/CLanServer.cpp'을(를) 컴파일하는 중)
  
C:\Users\sdj53\Documents\GitHub\LockFree-NetworkLibrary\common_files\include\buffer\Ring_Buffer.h(53,22): warning C4244: 'return': '__int64'에서 'int'(으)로 변환하면서 데이터가 손실될 수 있습니다.
  (소스 파일 '../../network_library/src/CLanServer.cpp'을(를) 컴파일하는 중)
  
C:\Users\sdj53\Documents\GitHub\LockFree-NetworkLibrary\common_files\include\buffer\Ring_Buffer.h(93,23): warning C4244: 'return': '__int64'에서 'int'(으)로 변환하면서 데이터가 손실될 수 있습니다.
  (소스 파일 '../../network_library/src/CLanServer.cpp'을(를) 컴파일하는 중)
  
C:\Users\sdj53\Documents\GitHub\LockFree-NetworkLibrary\common_files\include\buffer\Ring_Buffer.h(95,29): warning C4244: 'return': '__int64'에서 'int'(으)로 변환하면서 데이터가 손실될 수 있습니다.
  (소스 파일 '../../network_library/src/CLanServer.cpp'을(를) 컴파일하는 중)
  
C:\Users\sdj53\Documents\GitHub\LockFree-NetworkLibrary\common_files\include\buffer\Ring_Buffer.h(110,24): warning C4244: 'return': '__int64'에서 'int'(으)로 변환하면서 데이터가 손실될 수 있습니다.
  (소스 파일 '../../network_library/src/CLanServer.cpp'을(를) 컴파일하는 중)
  
C:\Users\sdj53\Documents\GitHub\LockFree-NetworkLibrary\common_files\include\buffer\Ring_Buffer.h(113,28): warning C4244: 'return': '__int64'에서 'int'(으)로 변환하면서 데이터가 손실될 수 있습니다.
  (소스 파일 '../../network_library/src/CLanServer.cpp'을(를) 컴파일하는 중)
  
C:\Users\sdj53\Documents\GitHub\LockFree-NetworkLibrary\common_files\include\buffer\Ring_Buffer.h(127,21): warning C4244: '=': '__int64'에서 'int'(으)로 변환하면서 데이터가 손실될 수 있습니다.
  (소스 파일 '../../network_library/src/CLanServer.cpp'을(를) 컴파일하는 중)
  
C:\Users\sdj53\Documents\GitHub\LockFree-NetworkLibrary\common_files\include\buffer\Ring_Buffer.h(143,20): warning C4244: '=': '__int64'에서 'int'(으)로 변환하면서 데이터가 손실될 수 있습니다.
  (소스 파일 '../../network_library/src/CLanServer.cpp'을(를) 컴파일하는 중)
  
C:\Users\sdj53\Documents\GitHub\LockFree-NetworkLibrary\network_library\src\CLanServer.cpp(35,9): warning C4244: '인수': 'WCHAR'에서 'const _Elem'(으)로 변환하면서 데이터가 손실될 수 있습니다.
C:\Users\sdj53\Documents\GitHub\LockFree-NetworkLibrary\network_library\src\CLanServer.cpp(35,9): warning C4244:         with
C:\Users\sdj53\Documents\GitHub\LockFree-NetworkLibrary\network_library\src\CLanServer.cpp(35,9): warning C4244:         [
C:\Users\sdj53\Documents\GitHub\LockFree-NetworkLibrary\network_library\src\CLanServer.cpp(35,9): warning C4244:             _Elem=char
C:\Users\sdj53\Documents\GitHub\LockFree-NetworkLibrary\network_library\src\CLanServer.cpp(35,9): warning C4244:         ]
C:\Users\sdj53\Documents\GitHub\LockFree-NetworkLibrary\network_library\src\CLanServer.cpp(69,44): warning C4244: '인수': 'LONG64'에서 'long'(으)로 변환하면서 데이터가 손실될 수 있습니다.
C:\Users\sdj53\Documents\GitHub\LockFree-NetworkLibrary\network_library\src\CLanServer.cpp(76,43): warning C4244: '인수': 'LONG64'에서 'long'(으)로 변환하면서 데이터가 손실될 수 있습니다.
C:\Users\sdj53\Documents\GitHub\LockFree-NetworkLibrary\network_library\src\CLanServer.cpp(99,3): warning C4129: ' ': 인식할 수 없는 문자 이스케이프 시퀀스입니다.
C:\Users\sdj53\Documents\GitHub\LockFree-NetworkLibrary\network_library\src\CLanServer.cpp(100,43): warning C4244: '인수': 'LONG64'에서 'long'(으)로 변환하면서 데이터가 손실될 수 있습니다.
C:\Users\sdj53\Documents\GitHub\LockFree-NetworkLibrary\network_library\src\CLanServer.cpp(118,43): warning C4244: '인수': 'LONG64'에서 'long'(으)로 변환하면서 데이터가 손실될 수 있습니다.
C:\Users\sdj53\Documents\GitHub\LockFree-NetworkLibrary\network_library\src\CLanServer.cpp(144,42): warning C4244: '인수': 'LONG64'에서 'long'(으)로 변환하면서 데이터가 손실될 수 있습니다.
C:\Users\sdj53\Documents\GitHub\LockFree-NetworkLibrary\network_library\src\CLanServer.cpp(127,14): warning C4101: 'ret' :참조되지 않은 지역 변수입니다.
C:\Users\sdj53\Documents\GitHub\LockFree-NetworkLibrary\network_library\src\CLanServer.cpp(219,5): warning C4129: ' ': 인식할 수 없는 문자 이스케이프 시퀀스입니다.
C:\Users\sdj53\Documents\GitHub\LockFree-NetworkLibrary\network_library\src\CLanServer.cpp(229,5): warning C4129: ' ': 인식할 수 없는 문자 이스케이프 시퀀스입니다.
C:\Users\sdj53\Documents\GitHub\LockFree-NetworkLibrary\network_library\src\CLanServer.cpp(193,11): warning C4101: 'retrel' :참조되지 않은 지역 변수입니다.
C:\Users\sdj53\Documents\GitHub\LockFree-NetworkLibrary\network_library\src\CLanServer.cpp(275,4): warning C4129: ' ': 인식할 수 없는 문자 이스케이프 시퀀스입니다.
C:\Users\sdj53\Documents\GitHub\LockFree-NetworkLibrary\network_library\src\CLanServer.cpp(330,4): warning C4129: ' ': 인식할 수 없는 문자 이스케이프 시퀀스입니다.
C:\Users\sdj53\Documents\GitHub\LockFree-NetworkLibrary\network_library\src\CLanServer.cpp(341,58): warning C4244: '인수': 'LONG64'에서 'long'(으)로 변환하면서 데이터가 손실될 수 있습니다.
C:\Users\sdj53\Documents\GitHub\LockFree-NetworkLibrary\network_library\src\CLanServer.cpp(373,56): warning C4244: '인수': 'LONG64'에서 'long'(으)로 변환하면서 데이터가 손실될 수 있습니다.
C:\Users\sdj53\Documents\GitHub\LockFree-NetworkLibrary\network_library\src\CLanServer.cpp(379,54): warning C4244: '인수': 'LONG64'에서 'long'(으)로 변환하면서 데이터가 손실될 수 있습니다.
C:\Users\sdj53\Documents\GitHub\LockFree-NetworkLibrary\network_library\src\CLanServer.cpp(441,3): warning C4129: ' ': 인식할 수 없는 문자 이스케이프 시퀀스입니다.
C:\Users\sdj53\Documents\GitHub\LockFree-NetworkLibrary\network_library\src\CLanServer.cpp(449,3): warning C4129: ' ': 인식할 수 없는 문자 이스케이프 시퀀스입니다.
C:\Users\sdj53\Documents\GitHub\LockFree-NetworkLibrary\network_library\src\CLanServer.cpp(591,5): warning C4129: ' ': 인식할 수 없는 문자 이스케이프 시퀀스입니다.
C:\Users\sdj53\Documents\GitHub\LockFree-NetworkLibrary\network_library\src\CLanServer.cpp(595,44): warning C4244: '인수': 'LONG64'에서 'long'(으)로 변환하면서 데이터가 손실될 수 있습니다.
C:\Users\sdj53\Documents\GitHub\LockFree-NetworkLibrary\network_library\src\CLanServer.cpp(560,6): warning C4101: 'retrel' :참조되지 않은 지역 변수입니다.
C:\Users\sdj53\Documents\GitHub\LockFree-NetworkLibrary\network_library\src\CLanServer.cpp(691,4): warning C4129: ' ': 인식할 수 없는 문자 이스케이프 시퀀스입니다.
C:\Users\sdj53\Documents\GitHub\LockFree-NetworkLibrary\network_library\src\CLanServer.cpp(702,5): warning C4129: ' ': 인식할 수 없는 문자 이스케이프 시퀀스입니다.
C:\Users\sdj53\Documents\GitHub\LockFree-NetworkLibrary\network_library\src\CLanServer.cpp(706,44): warning C4244: '인수': 'LONG64'에서 'long'(으)로 변환하면서 데이터가 손실될 수 있습니다.
C:\Users\sdj53\Documents\GitHub\LockFree-NetworkLibrary\network_library\src\CLanServer.cpp(715,3): warning C4129: ' ': 인식할 수 없는 문자 이스케이프 시퀀스입니다.
C:\Users\sdj53\Documents\GitHub\LockFree-NetworkLibrary\network_library\src\CLanServer.cpp(612,6): warning C4101: 'retrel' :참조되지 않은 지역 변수입니다.
C:\Users\sdj53\Documents\GitHub\LockFree-NetworkLibrary\network_library\src\CLanServer.cpp(661,12): warning C4101: 'temp' :참조되지 않은 지역 변수입니다.
C:\Users\sdj53\Documents\GitHub\LockFree-NetworkLibrary\network_library\src\CLanServer.cpp(730,43): warning C4244: '인수': 'LONG64'에서 'long'(으)로 변환하면서 데이터가 손실될 수 있습니다.
C:\Users\sdj53\Documents\GitHub\LockFree-NetworkLibrary\network_library\src\CLanServer.cpp(737,44): warning C4244: '인수': 'LONG64'에서 'long'(으)로 변환하면서 데이터가 손실될 수 있습니다.
C:\Users\sdj53\Documents\GitHub\LockFree-NetworkLibrary\network_library\src\CLanServer.cpp(848,43): warning C4244: '인수': 'LONG64'에서 'long'(으)로 변환하면서 데이터가 손실될 수 있습니다.
C:\Users\sdj53\Documents\GitHub\LockFree-NetworkLibrary\network_library\src\CLanServer.cpp(875,42): warning C4244: '인수': 'LONG64'에서 'long'(으)로 변환하면서 데이터가 손실될 수 있습니다.
C:\Users\sdj53\Documents\GitHub\LockFree-NetworkLibrary\network_library\src\CLanServer.cpp(855,11): warning C4101: 'retrel' :참조되지 않은 지역 변수입니다.
C:\Users\sdj53\Documents\GitHub\LockFree-NetworkLibrary\network_library\src\CLanServer.cpp(910,32): warning C4244: '=': 'UINT64'에서 'uint16_t'(으)로 변환하면서 데이터가 손실될 수 있습니다.
C:\Users\sdj53\Documents\GitHub\LockFree-NetworkLibrary\common_files\include\lockfree\LFStack.h(119,35): warning C4244: '=': 'LONG64'에서 'DWORD'(으)로 변환하면서 데이터가 손실될 수 있습니다.
  (소스 파일 '../../network_library/src/CLanServer.cpp'을(를) 컴파일하는 중)
      C:\Users\sdj53\Documents\GitHub\LockFree-NetworkLibrary\common_files\include\lockfree\LFStack.h(119,35):
      템플릿 인스턴스화 컨텍스트(가장 오래된 인스턴스화 컨텍스트)가
          C:\Users\sdj53\Documents\GitHub\LockFree-NetworkLibrary\network_library\src\CLanServer.cpp(180,2):
          컴파일되는 클래스 템플릿 인스턴스화 'LFStack<UINT16>'에 대한 참조를 확인하세요.
          C:\Users\sdj53\Documents\GitHub\LockFree-NetworkLibrary\common_files\include\lockfree\LFStack.h(83,7):
          클래스 템플릿 멤버 함수 'bool LFStack<UINT16>::Pop(T &)'을(를) 컴파일하는 중입니다.
          with
          [
              T=UINT16
          ]
              C:\Users\sdj53\Documents\GitHub\LockFree-NetworkLibrary\network_library\src\CLanServer.cpp(312,26):
              'CLanServer::AcceptThread'에서 'LFStack<UINT16>::Pop'에 대한 첫 번째 참조를 확인하세요.
  
C:\Users\sdj53\Documents\GitHub\LockFree-NetworkLibrary\common_files\include\memorypool\LockFreeMemoryPoolLive.h(74,9): warning C4101: 'tempTop' :참조되지 않은 지역 변수입니다.
  (소스 파일 '../../network_library/src/CLanServer.cpp'을(를) 컴파일하는 중)
      C:\Users\sdj53\Documents\GitHub\LockFree-NetworkLibrary\common_files\include\memorypool\LockFreeMemoryPoolLive.h(74,9):
      템플릿 인스턴스화 컨텍스트(가장 오래된 인스턴스화 컨텍스트)가
          C:\Users\sdj53\Documents\GitHub\LockFree-NetworkLibrary\common_files\include\lockfree\LFStack.h(83,7):
          클래스 템플릿 멤버 함수 'bool LFStack<UINT16>::Pop(T &)'을(를) 컴파일하는 중입니다.
          with
          [
              T=UINT16
          ]
              C:\Users\sdj53\Documents\GitHub\LockFree-NetworkLibrary\network_library\src\CLanServer.cpp(312,26):
              'CLanServer::AcceptThread'에서 'LFStack<UINT16>::Pop'에 대한 첫 번째 참조를 확인하세요.
          C:\Users\sdj53\Documents\GitHub\LockFree-NetworkLibrary\common_files\include\lockfree\LFStack.h(115,9):
          컴파일되는 클래스 템플릿 인스턴스화 'CMemoryPool<LFStack<UINT16>::Node>'에 대한 참조를 확인하세요.
          C:\Users\sdj53\Documents\GitHub\LockFree-NetworkLibrary\common_files\include\memorypool\LockFreeMemoryPoolLive.h(70,3):
          클래스 템플릿 멤버 함수 'CMemoryPool<LFStack<UINT16>::Node>::~CMemoryPool(void)'을(를) 컴파일하는 중입니다.
              C:\Users\sdj53\Documents\GitHub\LockFree-NetworkLibrary\common_files\include\memorypool\LockFreeMemoryPoolLive.h(308,1):
              'CMemoryPool<LFStack<UINT16>::Node>::~CMemoryPool'에서 'CMemoryPool<LFStack<UINT16>::Node>::~CMemoryPool'에 대한 첫 번째 참조를 확인하세요.
  
  CNetServer.cpp
C:\Users\sdj53\Documents\GitHub\LockFree-NetworkLibrary\common_files\include\buffer\Ring_Buffer.h(33,23): warning C4244: 'return': '__int64'에서 'int'(으)로 변환하면서 데이터가 손실될 수 있습니다.
  (소스 파일 '../../network_library/src/CNetServer.cpp'을(를) 컴파일하는 중)
  
C:\Users\sdj53\Documents\GitHub\LockFree-NetworkLibrary\common_files\include\buffer\Ring_Buffer.h(36,36): warning C4244: 'return': '__int64'에서 'int'(으)로 변환하면서 데이터가 손실될 수 있습니다.
  (소스 파일 '../../network_library/src/CNetServer.cpp'을(를) 컴파일하는 중)
  
C:\Users\sdj53\Documents\GitHub\LockFree-NetworkLibrary\common_files\include\buffer\Ring_Buffer.h(50,36): warning C4244: 'return': '__int64'에서 'int'(으)로 변환하면서 데이터가 손실될 수 있습니다.
  (소스 파일 '../../network_library/src/CNetServer.cpp'을(를) 컴파일하는 중)
  
C:\Users\sdj53\Documents\GitHub\LockFree-NetworkLibrary\common_files\include\buffer\Ring_Buffer.h(53,22): warning C4244: 'return': '__int64'에서 'int'(으)로 변환하면서 데이터가 손실될 수 있습니다.
  (소스 파일 '../../network_library/src/CNetServer.cpp'을(를) 컴파일하는 중)
  
C:\Users\sdj53\Documents\GitHub\LockFree-NetworkLibrary\common_files\include\buffer\Ring_Buffer.h(93,23): warning C4244: 'return': '__int64'에서 'int'(으)로 변환하면서 데이터가 손실될 수 있습니다.
  (소스 파일 '../../network_library/src/CNetServer.cpp'을(를) 컴파일하는 중)
  
C:\Users\sdj53\Documents\GitHub\LockFree-NetworkLibrary\common_files\include\buffer\Ring_Buffer.h(95,29): warning C4244: 'return': '__int64'에서 'int'(으)로 변환하면서 데이터가 손실될 수 있습니다.
  (소스 파일 '../../network_library/src/CNetServer.cpp'을(를) 컴파일하는 중)
  
C:\Users\sdj53\Documents\GitHub\LockFree-NetworkLibrary\common_files\include\buffer\Ring_Buffer.h(110,24): warning C4244: 'return': '__int64'에서 'int'(으)로 변환하면서 데이터가 손실될 수 있습니다.
  (소스 파일 '../../network_library/src/CNetServer.cpp'을(를) 컴파일하는 중)
  
C:\Users\sdj53\Documents\GitHub\LockFree-NetworkLibrary\common_files\include\buffer\Ring_Buffer.h(113,28): warning C4244: 'return': '__int64'에서 'int'(으)로 변환하면서 데이터가 손실될 수 있습니다.
  (소스 파일 '../../network_library/src/CNetServer.cpp'을(를) 컴파일하는 중)
  
C:\Users\sdj53\Documents\GitHub\LockFree-NetworkLibrary\common_files\include\buffer\Ring_Buffer.h(127,21): warning C4244: '=': '__int64'에서 'int'(으)로 변환하면서 데이터가 손실될 수 있습니다.
  (소스 파일 '../../network_library/src/CNetServer.cpp'을(를) 컴파일하는 중)
  
C:\Users\sdj53\Documents\GitHub\LockFree-NetworkLibrary\common_files\include\buffer\Ring_Buffer.h(143,20): warning C4244: '=': '__int64'에서 'int'(으)로 변환하면서 데이터가 손실될 수 있습니다.
  (소스 파일 '../../network_library/src/CNetServer.cpp'을(를) 컴파일하는 중)
  
C:\Users\sdj53\Documents\GitHub\LockFree-NetworkLibrary\network_library\src\CNetServer.cpp(32,9): warning C4244: '인수': 'WCHAR'에서 'const _Elem'(으)로 변환하면서 데이터가 손실될 수 있습니다.
C:\Users\sdj53\Documents\GitHub\LockFree-NetworkLibrary\network_library\src\CNetServer.cpp(32,9): warning C4244:         with
C:\Users\sdj53\Documents\GitHub\LockFree-NetworkLibrary\network_library\src\CNetServer.cpp(32,9): warning C4244:         [
C:\Users\sdj53\Documents\GitHub\LockFree-NetworkLibrary\network_library\src\CNetServer.cpp(32,9): warning C4244:             _Elem=char
C:\Users\sdj53\Documents\GitHub\LockFree-NetworkLibrary\network_library\src\CNetServer.cpp(32,9): warning C4244:         ]
C:\Users\sdj53\Documents\GitHub\LockFree-NetworkLibrary\network_library\src\CNetServer.cpp(73,43): warning C4244: '인수': 'LONG64'에서 'long'(으)로 변환하면서 데이터가 손실될 수 있습니다.
C:\Users\sdj53\Documents\GitHub\LockFree-NetworkLibrary\network_library\src\CNetServer.cpp(81,43): warning C4244: '인수': 'LONG64'에서 'long'(으)로 변환하면서 데이터가 손실될 수 있습니다.
C:\Users\sdj53\Documents\GitHub\LockFree-NetworkLibrary\network_library\src\CNetServer.cpp(107,3): warning C4129: ' ': 인식할 수 없는 문자 이스케이프 시퀀스입니다.
C:\Users\sdj53\Documents\GitHub\LockFree-NetworkLibrary\network_library\src\CNetServer.cpp(108,44): warning C4244: '인수': 'LONG64'에서 'long'(으)로 변환하면서 데이터가 손실될 수 있습니다.
C:\Users\sdj53\Documents\GitHub\LockFree-NetworkLibrary\network_library\src\CNetServer.cpp(152,42): warning C4244: '인수': 'LONG64'에서 'long'(으)로 변환하면서 데이터가 손실될 수 있습니다.
C:\Users\sdj53\Documents\GitHub\LockFree-NetworkLibrary\network_library\src\CNetServer.cpp(191,41): warning C4244: '인수': 'LONG64'에서 'long'(으)로 변환하면서 데이터가 손실될 수 있습니다.
C:\Users\sdj53\Documents\GitHub\LockFree-NetworkLibrary\network_library\src\CNetServer.cpp(258,5): warning C4129: ' ': 인식할 수 없는 문자 이스케이프 시퀀스입니다.
C:\Users\sdj53\Documents\GitHub\LockFree-NetworkLibrary\network_library\src\CNetServer.cpp(268,5): warning C4129: ' ': 인식할 수 없는 문자 이스케이프 시퀀스입니다.
C:\Users\sdj53\Documents\GitHub\LockFree-NetworkLibrary\network_library\src\CNetServer.cpp(313,4): warning C4129: ' ': 인식할 수 없는 문자 이스케이프 시퀀스입니다.
C:\Users\sdj53\Documents\GitHub\LockFree-NetworkLibrary\network_library\src\CNetServer.cpp(340,18): warning C4805: '==': 연산에 'INT' 형식과 'bool' 형식을 함께 사용하는 것은 안전하지 않습니다.
C:\Users\sdj53\Documents\GitHub\LockFree-NetworkLibrary\network_library\src\CNetServer.cpp(382,4): warning C4129: ' ': 인식할 수 없는 문자 이스케이프 시퀀스입니다.
C:\Users\sdj53\Documents\GitHub\LockFree-NetworkLibrary\network_library\src\CNetServer.cpp(393,58): warning C4244: '인수': 'LONG64'에서 'long'(으)로 변환하면서 데이터가 손실될 수 있습니다.
C:\Users\sdj53\Documents\GitHub\LockFree-NetworkLibrary\network_library\src\CNetServer.cpp(308,8): warning C4101: 'retrel' :참조되지 않은 지역 변수입니다.
C:\Users\sdj53\Documents\GitHub\LockFree-NetworkLibrary\network_library\src\CNetServer.cpp(431,55): warning C4244: '인수': 'LONG64'에서 'long'(으)로 변환하면서 데이터가 손실될 수 있습니다.
C:\Users\sdj53\Documents\GitHub\LockFree-NetworkLibrary\network_library\src\CNetServer.cpp(437,55): warning C4244: '인수': 'LONG64'에서 'long'(으)로 변환하면서 데이터가 손실될 수 있습니다.
C:\Users\sdj53\Documents\GitHub\LockFree-NetworkLibrary\network_library\src\CNetServer.cpp(486,3): warning C4129: ' ': 인식할 수 없는 문자 이스케이프 시퀀스입니다.
C:\Users\sdj53\Documents\GitHub\LockFree-NetworkLibrary\network_library\src\CNetServer.cpp(494,3): warning C4129: ' ': 인식할 수 없는 문자 이스케이프 시퀀스입니다.
C:\Users\sdj53\Documents\GitHub\LockFree-NetworkLibrary\network_library\src\CNetServer.cpp(642,5): warning C4129: ' ': 인식할 수 없는 문자 이스케이프 시퀀스입니다.
C:\Users\sdj53\Documents\GitHub\LockFree-NetworkLibrary\network_library\src\CNetServer.cpp(645,45): warning C4244: '인수': 'LONG64'에서 'long'(으)로 변환하면서 데이터가 손실될 수 있습니다.
C:\Users\sdj53\Documents\GitHub\LockFree-NetworkLibrary\network_library\src\CNetServer.cpp(745,4): warning C4129: ' ': 인식할 수 없는 문자 이스케이프 시퀀스입니다.
C:\Users\sdj53\Documents\GitHub\LockFree-NetworkLibrary\network_library\src\CNetServer.cpp(757,5): warning C4129: ' ': 인식할 수 없는 문자 이스케이프 시퀀스입니다.
C:\Users\sdj53\Documents\GitHub\LockFree-NetworkLibrary\network_library\src\CNetServer.cpp(761,45): warning C4244: '인수': 'LONG64'에서 'long'(으)로 변환하면서 데이터가 손실될 수 있습니다.
C:\Users\sdj53\Documents\GitHub\LockFree-NetworkLibrary\network_library\src\CNetServer.cpp(769,3): warning C4129: ' ': 인식할 수 없는 문자 이스케이프 시퀀스입니다.
C:\Users\sdj53\Documents\GitHub\LockFree-NetworkLibrary\network_library\src\CNetServer.cpp(714,12): warning C4101: 'temp' :참조되지 않은 지역 변수입니다.
C:\Users\sdj53\Documents\GitHub\LockFree-NetworkLibrary\network_library\src\CNetServer.cpp(784,44): warning C4244: '인수': 'LONG64'에서 'long'(으)로 변환하면서 데이터가 손실될 수 있습니다.
C:\Users\sdj53\Documents\GitHub\LockFree-NetworkLibrary\network_library\src\CNetServer.cpp(791,44): warning C4244: '인수': 'LONG64'에서 'long'(으)로 변환하면서 데이터가 손실될 수 있습니다.
C:\Users\sdj53\Documents\GitHub\LockFree-NetworkLibrary\network_library\src\CNetServer.cpp(928,4): warning C4129: ' ': 인식할 수 없는 문자 이스케이프 시퀀스입니다.
C:\Users\sdj53\Documents\GitHub\LockFree-NetworkLibrary\network_library\src\CNetServer.cpp(952,43): warning C4244: '인수': 'LONG64'에서 'long'(으)로 변환하면서 데이터가 손실될 수 있습니다.
C:\Users\sdj53\Documents\GitHub\LockFree-NetworkLibrary\network_library\src\CNetServer.cpp(977,43): warning C4244: '인수': 'LONG64'에서 'long'(으)로 변환하면서 데이터가 손실될 수 있습니다.
C:\Users\sdj53\Documents\GitHub\LockFree-NetworkLibrary\common_files\include\lockfree\LFStack.h(119,35): warning C4244: '=': 'LONG64'에서 'DWORD'(으)로 변환하면서 데이터가 손실될 수 있습니다.
  (소스 파일 '../../network_library/src/CNetServer.cpp'을(를) 컴파일하는 중)
      C:\Users\sdj53\Documents\GitHub\LockFree-NetworkLibrary\common_files\include\lockfree\LFStack.h(119,35):
      템플릿 인스턴스화 컨텍스트(가장 오래된 인스턴스화 컨텍스트)가
          C:\Users\sdj53\Documents\GitHub\LockFree-NetworkLibrary\network_library\src\CNetServer.cpp(227,2):
          컴파일되는 클래스 템플릿 인스턴스화 'LFStack<UINT16>'에 대한 참조를 확인하세요.
          C:\Users\sdj53\Documents\GitHub\LockFree-NetworkLibrary\common_files\include\lockfree\LFStack.h(83,7):
          클래스 템플릿 멤버 함수 'bool LFStack<UINT16>::Pop(T &)'을(를) 컴파일하는 중입니다.
          with
          [
              T=UINT16
          ]
              C:\Users\sdj53\Documents\GitHub\LockFree-NetworkLibrary\network_library\src\CNetServer.cpp(364,26):
              'CNetServer::AcceptThread'에서 'LFStack<UINT16>::Pop'에 대한 첫 번째 참조를 확인하세요.
  
C:\Users\sdj53\Documents\GitHub\LockFree-NetworkLibrary\common_files\include\memorypool\LockFreeMemoryPoolLive.h(74,9): warning C4101: 'tempTop' :참조되지 않은 지역 변수입니다.
  (소스 파일 '../../network_library/src/CNetServer.cpp'을(를) 컴파일하는 중)
      C:\Users\sdj53\Documents\GitHub\LockFree-NetworkLibrary\common_files\include\memorypool\LockFreeMemoryPoolLive.h(74,9):
      템플릿 인스턴스화 컨텍스트(가장 오래된 인스턴스화 컨텍스트)가
          C:\Users\sdj53\Documents\GitHub\LockFree-NetworkLibrary\common_files\include\lockfree\LFStack.h(83,7):
          클래스 템플릿 멤버 함수 'bool LFStack<UINT16>::Pop(T &)'을(를) 컴파일하는 중입니다.
          with
          [
              T=UINT16
          ]
              C:\Users\sdj53\Documents\GitHub\LockFree-NetworkLibrary\network_library\src\CNetServer.cpp(364,26):
              'CNetServer::AcceptThread'에서 'LFStack<UINT16>::Pop'에 대한 첫 번째 참조를 확인하세요.
          C:\Users\sdj53\Documents\GitHub\LockFree-NetworkLibrary\common_files\include\lockfree\LFStack.h(115,9):
          컴파일되는 클래스 템플릿 인스턴스화 'CMemoryPool<LFStack<UINT16>::Node>'에 대한 참조를 확인하세요.
          C:\Users\sdj53\Documents\GitHub\LockFree-NetworkLibrary\common_files\include\memorypool\LockFreeMemoryPoolLive.h(70,3):
          클래스 템플릿 멤버 함수 'CMemoryPool<LFStack<UINT16>::Node>::~CMemoryPool(void)'을(를) 컴파일하는 중입니다.
              C:\Users\sdj53\Documents\GitHub\LockFree-NetworkLibrary\common_files\include\memorypool\LockFreeMemoryPoolLive.h(308,1):
              'CMemoryPool<LFStack<UINT16>::Node>::~CMemoryPool'에서 'CMemoryPool<LFStack<UINT16>::Node>::~CMemoryPool'에 대한 첫 번째 참조를 확인하세요.
  
  CSession.cpp
C:\Users\sdj53\Documents\GitHub\LockFree-NetworkLibrary\common_files\include\buffer\Ring_Buffer.h(33,23): warning C4244: 'return': '__int64'에서 'int'(으)로 변환하면서 데이터가 손실될 수 있습니다.
  (소스 파일 '../../network_library/src/CSession.cpp'을(를) 컴파일하는 중)
  
C:\Users\sdj53\Documents\GitHub\LockFree-NetworkLibrary\common_files\include\buffer\Ring_Buffer.h(36,36): warning C4244: 'return': '__int64'에서 'int'(으)로 변환하면서 데이터가 손실될 수 있습니다.
  (소스 파일 '../../network_library/src/CSession.cpp'을(를) 컴파일하는 중)
  
C:\Users\sdj53\Documents\GitHub\LockFree-NetworkLibrary\common_files\include\buffer\Ring_Buffer.h(50,36): warning C4244: 'return': '__int64'에서 'int'(으)로 변환하면서 데이터가 손실될 수 있습니다.
  (소스 파일 '../../network_library/src/CSession.cpp'을(를) 컴파일하는 중)
  
C:\Users\sdj53\Documents\GitHub\LockFree-NetworkLibrary\common_files\include\buffer\Ring_Buffer.h(53,22): warning C4244: 'return': '__int64'에서 'int'(으)로 변환하면서 데이터가 손실될 수 있습니다.
  (소스 파일 '../../network_library/src/CSession.cpp'을(를) 컴파일하는 중)
  
C:\Users\sdj53\Documents\GitHub\LockFree-NetworkLibrary\common_files\include\buffer\Ring_Buffer.h(93,23): warning C4244: 'return': '__int64'에서 'int'(으)로 변환하면서 데이터가 손실될 수 있습니다.
  (소스 파일 '../../network_library/src/CSession.cpp'을(를) 컴파일하는 중)
  
C:\Users\sdj53\Documents\GitHub\LockFree-NetworkLibrary\common_files\include\buffer\Ring_Buffer.h(95,29): warning C4244: 'return': '__int64'에서 'int'(으)로 변환하면서 데이터가 손실될 수 있습니다.
  (소스 파일 '../../network_library/src/CSession.cpp'을(를) 컴파일하는 중)
  
C:\Users\sdj53\Documents\GitHub\LockFree-NetworkLibrary\common_files\include\buffer\Ring_Buffer.h(110,24): warning C4244: 'return': '__int64'에서 'int'(으)로 변환하면서 데이터가 손실될 수 있습니다.
  (소스 파일 '../../network_library/src/CSession.cpp'을(를) 컴파일하는 중)
  
C:\Users\sdj53\Documents\GitHub\LockFree-NetworkLibrary\common_files\include\buffer\Ring_Buffer.h(113,28): warning C4244: 'return': '__int64'에서 'int'(으)로 변환하면서 데이터가 손실될 수 있습니다.
  (소스 파일 '../../network_library/src/CSession.cpp'을(를) 컴파일하는 중)
  
C:\Users\sdj53\Documents\GitHub\LockFree-NetworkLibrary\common_files\include\buffer\Ring_Buffer.h(127,21): warning C4244: '=': '__int64'에서 'int'(으)로 변환하면서 데이터가 손실될 수 있습니다.
  (소스 파일 '../../network_library/src/CSession.cpp'을(를) 컴파일하는 중)
  
C:\Users\sdj53\Documents\GitHub\LockFree-NetworkLibrary\common_files\include\buffer\Ring_Buffer.h(143,20): warning C4244: '=': '__int64'에서 'int'(으)로 변환하면서 데이터가 손실될 수 있습니다.
  (소스 파일 '../../network_library/src/CSession.cpp'을(를) 컴파일하는 중)
  
C:\Users\sdj53\Documents\GitHub\LockFree-NetworkLibrary\common_files\include\memorypool\LockFreeMemoryPoolLive.h(74,9): warning C4101: 'tempTop' :참조되지 않은 지역 변수입니다.
  (소스 파일 '../../network_library/src/CSession.cpp'을(를) 컴파일하는 중)
      C:\Users\sdj53\Documents\GitHub\LockFree-NetworkLibrary\common_files\include\memorypool\LockFreeMemoryPoolLive.h(74,9):
      템플릿 인스턴스화 컨텍스트(가장 오래된 인스턴스화 컨텍스트)가
          C:\Users\sdj53\Documents\GitHub\LockFree-NetworkLibrary\network_library\include\CSession.h(20,25):
          컴파일되는 클래스 템플릿 인스턴스화 'LFQueueMul<CMessage *>'에 대한 참조를 확인하세요.
          C:\Users\sdj53\Documents\GitHub\LockFree-NetworkLibrary\common_files\include\lockfree\LFQMultiLive.h(81,3):
          클래스 템플릿 멤버 함수 'LFQueueMul<CMessage *>::~LFQueueMul(void)'을(를) 컴파일하는 중입니다.
              C:\Users\sdj53\Documents\GitHub\LockFree-NetworkLibrary\network_library\src\CSession.cpp(10,1):
              'CSession::CSession'에서 'LFQueueMul<CMessage *>::~LFQueueMul'에 대한 첫 번째 참조를 확인하세요.
          C:\Users\sdj53\Documents\GitHub\LockFree-NetworkLibrary\common_files\include\lockfree\LFQMultiLive.h(85,4):
          컴파일되는 클래스 템플릿 인스턴스화 'CMemoryPool<LFQueueMul<CMessage *>::Node>'에 대한 참조를 확인하세요.
          C:\Users\sdj53\Documents\GitHub\LockFree-NetworkLibrary\common_files\include\memorypool\LockFreeMemoryPoolLive.h(70,3):
          클래스 템플릿 멤버 함수 'CMemoryPool<LFQueueMul<CMessage *>::Node>::~CMemoryPool(void)'을(를) 컴파일하는 중입니다.
              C:\Users\sdj53\Documents\GitHub\LockFree-NetworkLibrary\common_files\include\memorypool\LockFreeMemoryPoolLive.h(308,1):
              'CMemoryPool<LFQueueMul<CMessage *>::Node>::~CMemoryPool'에서 'CMemoryPool<LFQueueMul<CMessage *>::Node>::~CMemoryPool'에 대한 첫 번째 참조를 확인하세요.
  
  CAgent.cpp
  CMonAgentsMgr.cpp
C:\Users\sdj53\Documents\GitHub\LockFree-NetworkLibrary\servers\monitoringserver\CMonAgentsMgr.cpp(147,3): warning C4129: ' ': 인식할 수 없는 문자 이스케이프 시퀀스입니다.
C:\Users\sdj53\Documents\GitHub\LockFree-NetworkLibrary\servers\monitoringserver\CMonAgentsMgr.cpp(177,3): warning C4129: ' ': 인식할 수 없는 문자 이스케이프 시퀀스입니다.
C:\Users\sdj53\Documents\GitHub\LockFree-NetworkLibrary\servers\monitoringserver\CMonAgentsMgr.cpp(184,3): warning C4129: ' ': 인식할 수 없는 문자 이스케이프 시퀀스입니다.
C:\Users\sdj53\Documents\GitHub\LockFree-NetworkLibrary\servers\monitoringserver\CMonAgentsMgr.cpp(302,29): warning C4805: '==': 연산에 'BOOL' 형식과 'bool' 형식을 함께 사용하는 것은 안전하지 않습니다.
C:\Users\sdj53\Documents\GitHub\LockFree-NetworkLibrary\common_files\include\memorypool\LockFreeMemoryPoolLive.h(74,9): warning C4101: 'tempTop' :참조되지 않은 지역 변수입니다.
  (소스 파일 'CMonAgentsMgr.cpp'을(를) 컴파일하는 중)
      C:\Users\sdj53\Documents\GitHub\LockFree-NetworkLibrary\common_files\include\memorypool\LockFreeMemoryPoolLive.h(74,9):
      템플릿 인스턴스화 컨텍스트(가장 오래된 인스턴스화 컨텍스트)가
          C:\Users\sdj53\Documents\GitHub\LockFree-NetworkLibrary\servers\monitoringserver\CMonAgentsMgr.cpp(32,21):
          컴파일되는 클래스 템플릿 인스턴스화 'CMemoryPool<CAgent>'에 대한 참조를 확인하세요.
          C:\Users\sdj53\Documents\GitHub\LockFree-NetworkLibrary\common_files\include\memorypool\LockFreeMemoryPoolLive.h(70,3):
          클래스 템플릿 멤버 함수 'CMemoryPool<CAgent>::~CMemoryPool(void)'을(를) 컴파일하는 중입니다.
              C:\Users\sdj53\Documents\GitHub\LockFree-NetworkLibrary\common_files\include\memorypool\LockFreeMemoryPoolLive.h(308,1):
              'CMemoryPool<CAgent>::~CMemoryPool'에서 'CMemoryPool<CAgent>::~CMemoryPool'에 대한 첫 번째 참조를 확인하세요.
  
  CMonitor.cpp
C:\Users\sdj53\Documents\GitHub\LockFree-NetworkLibrary\common_files\include\util\ProcessMonitor.h(3,9): warning C4005: 'MAX_PATH': 매크로 재정의
  (소스 파일 'CMonitor.cpp'을(를) 컴파일하는 중)
      C:\Program Files (x86)\Windows Kits\10\Include\10.0.26100.0\shared\minwindef.h(60,9):
      'MAX_PATH'의 이전 정의를 참조하십시오.
  
C:\Users\sdj53\Documents\GitHub\LockFree-NetworkLibrary\common_files\include\buffer\Ring_Buffer.h(33,23): warning C4244: 'return': '__int64'에서 'int'(으)로 변환하면서 데이터가 손실될 수 있습니다.
  (소스 파일 'CMonitor.cpp'을(를) 컴파일하는 중)
  
C:\Users\sdj53\Documents\GitHub\LockFree-NetworkLibrary\common_files\include\buffer\Ring_Buffer.h(36,36): warning C4244: 'return': '__int64'에서 'int'(으)로 변환하면서 데이터가 손실될 수 있습니다.
  (소스 파일 'CMonitor.cpp'을(를) 컴파일하는 중)
  
C:\Users\sdj53\Documents\GitHub\LockFree-NetworkLibrary\common_files\include\buffer\Ring_Buffer.h(50,36): warning C4244: 'return': '__int64'에서 'int'(으)로 변환하면서 데이터가 손실될 수 있습니다.
  (소스 파일 'CMonitor.cpp'을(를) 컴파일하는 중)
  
C:\Users\sdj53\Documents\GitHub\LockFree-NetworkLibrary\common_files\include\buffer\Ring_Buffer.h(53,22): warning C4244: 'return': '__int64'에서 'int'(으)로 변환하면서 데이터가 손실될 수 있습니다.
  (소스 파일 'CMonitor.cpp'을(를) 컴파일하는 중)
  
C:\Users\sdj53\Documents\GitHub\LockFree-NetworkLibrary\common_files\include\buffer\Ring_Buffer.h(93,23): warning C4244: 'return': '__int64'에서 'int'(으)로 변환하면서 데이터가 손실될 수 있습니다.
  (소스 파일 'CMonitor.cpp'을(를) 컴파일하는 중)
  
C:\Users\sdj53\Documents\GitHub\LockFree-NetworkLibrary\common_files\include\buffer\Ring_Buffer.h(95,29): warning C4244: 'return': '__int64'에서 'int'(으)로 변환하면서 데이터가 손실될 수 있습니다.
  (소스 파일 'CMonitor.cpp'을(를) 컴파일하는 중)
  
C:\Users\sdj53\Documents\GitHub\LockFree-NetworkLibrary\common_files\include\buffer\Ring_Buffer.h(110,24): warning C4244: 'return': '__int64'에서 'int'(으)로 변환하면서 데이터가 손실될 수 있습니다.
  (소스 파일 'CMonitor.cpp'을(를) 컴파일하는 중)
  
C:\Users\sdj53\Documents\GitHub\LockFree-NetworkLibrary\common_files\include\buffer\Ring_Buffer.h(113,28): warning C4244: 'return': '__int64'에서 'int'(으)로 변환하면서 데이터가 손실될 수 있습니다.
  (소스 파일 'CMonitor.cpp'을(를) 컴파일하는 중)
  
C:\Users\sdj53\Documents\GitHub\LockFree-NetworkLibrary\common_files\include\buffer\Ring_Buffer.h(127,21): warning C4244: '=': '__int64'에서 'int'(으)로 변환하면서 데이터가 손실될 수 있습니다.
  (소스 파일 'CMonitor.cpp'을(를) 컴파일하는 중)
  
C:\Users\sdj53\Documents\GitHub\LockFree-NetworkLibrary\common_files\include\buffer\Ring_Buffer.h(143,20): warning C4244: '=': '__int64'에서 'int'(으)로 변환하면서 데이터가 손실될 수 있습니다.
  (소스 파일 'CMonitor.cpp'을(를) 컴파일하는 중)
  
C:\Users\sdj53\Documents\GitHub\LockFree-NetworkLibrary\network_library\include\CLanServer.h(5,9): warning C4005: 'INDEX_POS': 매크로 재정의
  (소스 파일 'CMonitor.cpp'을(를) 컴파일하는 중)
      C:\Users\sdj53\Documents\GitHub\LockFree-NetworkLibrary\network_library\include\CNetServer.h(5,9):
      'INDEX_POS'의 이전 정의를 참조하십시오.
  
C:\Users\sdj53\Documents\GitHub\LockFree-NetworkLibrary\servers\monitoringserver\CMonitor.cpp(319,28): warning C4805: '==': 연산에 'BOOL' 형식과 'bool' 형식을 함께 사용하는 것은 안전하지 않습니다.
C:\Users\sdj53\Documents\GitHub\LockFree-NetworkLibrary\servers\monitoringserver\CMonitor.cpp(406,124): warning C4244: '인수': 'time_t'에서 'INT'(으)로 변환하면서 데이터가 손실될 수 있습니다.
C:\Users\sdj53\Documents\GitHub\LockFree-NetworkLibrary\servers\monitoringserver\CMonitor.cpp(407,163): warning C4244: '인수': 'time_t'에서 'INT'(으)로 변환하면서 데이터가 손실될 수 있습니다.
C:\Users\sdj53\Documents\GitHub\LockFree-NetworkLibrary\servers\monitoringserver\CMonitor.cpp(408,152): warning C4244: '인수': 'time_t'에서 'INT'(으)로 변환하면서 데이터가 손실될 수 있습니다.
C:\Users\sdj53\Documents\GitHub\LockFree-NetworkLibrary\servers\monitoringserver\CMonitor.cpp(409,152): warning C4244: '인수': 'time_t'에서 'INT'(으)로 변환하면서 데이터가 손실될 수 있습니다.
C:\Users\sdj53\Documents\GitHub\LockFree-NetworkLibrary\servers\monitoringserver\CMonitor.cpp(410,147): warning C4244: '인수': 'time_t'에서 'INT'(으)로 변환하면서 데이터가 손실될 수 있습니다.
C:\Users\sdj53\Documents\GitHub\LockFree-NetworkLibrary\servers\monitoringserver\CMonitor.cpp(412,19): warning C4244: '인수': 'time_t'에서 'INT'(으)로 변환하면서 데이터가 손실될 수 있습니다.
C:\Users\sdj53\Documents\GitHub\LockFree-NetworkLibrary\servers\monitoringserver\CMonitor.cpp(413,19): warning C4244: '인수': 'time_t'에서 'INT'(으)로 변환하면서 데이터가 손실될 수 있습니다.
C:\Users\sdj53\Documents\GitHub\LockFree-NetworkLibrary\servers\monitoringserver\CMonitor.cpp(414,19): warning C4244: '인수': 'time_t'에서 'INT'(으)로 변환하면서 데이터가 손실될 수 있습니다.
C:\Users\sdj53\Documents\GitHub\LockFree-NetworkLibrary\servers\monitoringserver\CMonitor.cpp(415,19): warning C4244: '인수': 'time_t'에서 'INT'(으)로 변환하면서 데이터가 손실될 수 있습니다.
C:\Users\sdj53\Documents\GitHub\LockFree-NetworkLibrary\servers\monitoringserver\CMonitor.cpp(416,19): warning C4244: '인수': 'time_t'에서 'INT'(으)로 변환하면서 데이터가 손실될 수 있습니다.
C:\Users\sdj53\Documents\GitHub\LockFree-NetworkLibrary\common_files\include\memorypool\LockFreeMemoryPoolLive.h(74,9): warning C4101: 'tempTop' :참조되지 않은 지역 변수입니다.
  (소스 파일 'CMonitor.cpp'을(를) 컴파일하는 중)
      C:\Users\sdj53\Documents\GitHub\LockFree-NetworkLibrary\common_files\include\memorypool\LockFreeMemoryPoolLive.h(74,9):
      템플릿 인스턴스화 컨텍스트(가장 오래된 인스턴스화 컨텍스트)가
          C:\Users\sdj53\Documents\GitHub\LockFree-NetworkLibrary\servers\monitoringserver\CMonitor.cpp(142,2):
          컴파일되는 클래스 템플릿 인스턴스화 'CMemoryPool<CMonitor::MONITOR_DATA>'에 대한 참조를 확인하세요.
          C:\Users\sdj53\Documents\GitHub\LockFree-NetworkLibrary\common_files\include\memorypool\LockFreeMemoryPoolLive.h(70,3):
          클래스 템플릿 멤버 함수 'CMemoryPool<CMonitor::MONITOR_DATA>::~CMemoryPool(void)'을(를) 컴파일하는 중입니다.
              C:\Users\sdj53\Documents\GitHub\LockFree-NetworkLibrary\common_files\include\memorypool\LockFreeMemoryPoolLive.h(308,1):
              'CMemoryPool<CMonitor::MONITOR_DATA>::~CMemoryPool'에서 'CMemoryPool<CMonitor::MONITOR_DATA>::~CMemoryPool'에 대한 첫 번째 참조를 확인하세요.
  
C:\Users\sdj53\Documents\GitHub\LockFree-NetworkLibrary\common_files\include\memorypool\MemoryPoolTLS.h(219,10): warning C4244: 'return': 'UINT64'에서 'int'(으)로 변환하면서 데이터가 손실될 수 있습니다.
  (소스 파일 'CMonitor.cpp'을(를) 컴파일하는 중)
      C:\Users\sdj53\Documents\GitHub\LockFree-NetworkLibrary\common_files\include\memorypool\MemoryPoolTLS.h(219,10):
      템플릿 인스턴스화 컨텍스트(가장 오래된 인스턴스화 컨텍스트)가
          C:\Users\sdj53\Documents\GitHub\LockFree-NetworkLibrary\servers\monitoringserver\CMonitor.cpp(419,58):
          컴파일되는 클래스 템플릿 인스턴스화 'CMPoolTLS<CMessage>'에 대한 참조를 확인하세요.
          C:\Users\sdj53\Documents\GitHub\LockFree-NetworkLibrary\common_files\include\memorypool\MemoryPoolTLS.h(217,13):
          클래스 템플릿 멤버 함수 'int CMPoolTLS<CMessage>::GetUseCnt(void)'을(를) 컴파일하는 중입니다.
              C:\Users\sdj53\Documents\GitHub\LockFree-NetworkLibrary\servers\monitoringserver\CMonitor.cpp(419,10):
              'CMonitor::Monitor'에서 'CMPoolTLS<CMessage>::GetUseCnt'에 대한 첫 번째 참조를 확인하세요.
  
  CMornitoring.cpp
C:\Users\sdj53\Documents\GitHub\LockFree-NetworkLibrary\common_files\include\buffer\Ring_Buffer.h(33,23): warning C4244: 'return': '__int64'에서 'int'(으)로 변환하면서 데이터가 손실될 수 있습니다.
  (소스 파일 'CMornitoring.cpp'을(를) 컴파일하는 중)
  
C:\Users\sdj53\Documents\GitHub\LockFree-NetworkLibrary\common_files\include\buffer\Ring_Buffer.h(36,36): warning C4244: 'return': '__int64'에서 'int'(으)로 변환하면서 데이터가 손실될 수 있습니다.
  (소스 파일 'CMornitoring.cpp'을(를) 컴파일하는 중)
  
C:\Users\sdj53\Documents\GitHub\LockFree-NetworkLibrary\common_files\include\buffer\Ring_Buffer.h(50,36): warning C4244: 'return': '__int64'에서 'int'(으)로 변환하면서 데이터가 손실될 수 있습니다.
  (소스 파일 'CMornitoring.cpp'을(를) 컴파일하는 중)
  
C:\Users\sdj53\Documents\GitHub\LockFree-NetworkLibrary\common_files\include\buffer\Ring_Buffer.h(53,22): warning C4244: 'return': '__int64'에서 'int'(으)로 변환하면서 데이터가 손실될 수 있습니다.
  (소스 파일 'CMornitoring.cpp'을(를) 컴파일하는 중)
  
C:\Users\sdj53\Documents\GitHub\LockFree-NetworkLibrary\common_files\include\buffer\Ring_Buffer.h(93,23): warning C4244: 'return': '__int64'에서 'int'(으)로 변환하면서 데이터가 손실될 수 있습니다.
  (소스 파일 'CMornitoring.cpp'을(를) 컴파일하는 중)
  
C:\Users\sdj53\Documents\GitHub\LockFree-NetworkLibrary\common_files\include\buffer\Ring_Buffer.h(95,29): warning C4244: 'return': '__int64'에서 'int'(으)로 변환하면서 데이터가 손실될 수 있습니다.
  (소스 파일 'CMornitoring.cpp'을(를) 컴파일하는 중)
  
C:\Users\sdj53\Documents\GitHub\LockFree-NetworkLibrary\common_files\include\buffer\Ring_Buffer.h(110,24): warning C4244: 'return': '__int64'에서 'int'(으)로 변환하면서 데이터가 손실될 수 있습니다.
  (소스 파일 'CMornitoring.cpp'을(를) 컴파일하는 중)
  
C:\Users\sdj53\Documents\GitHub\LockFree-NetworkLibrary\common_files\include\buffer\Ring_Buffer.h(113,28): warning C4244: 'return': '__int64'에서 'int'(으)로 변환하면서 데이터가 손실될 수 있습니다.
  (소스 파일 'CMornitoring.cpp'을(를) 컴파일하는 중)
  
C:\Users\sdj53\Documents\GitHub\LockFree-NetworkLibrary\common_files\include\buffer\Ring_Buffer.h(127,21): warning C4244: '=': '__int64'에서 'int'(으)로 변환하면서 데이터가 손실될 수 있습니다.
  (소스 파일 'CMornitoring.cpp'을(를) 컴파일하는 중)
  
C:\Users\sdj53\Documents\GitHub\LockFree-NetworkLibrary\common_files\include\buffer\Ring_Buffer.h(143,20): warning C4244: '=': '__int64'에서 'int'(으)로 변환하면서 데이터가 손실될 수 있습니다.
  (소스 파일 'CMornitoring.cpp'을(를) 컴파일하는 중)
  
C:\Users\sdj53\Documents\GitHub\LockFree-NetworkLibrary\network_library\include\CNetServer.h(5,9): warning C4005: 'INDEX_POS': 매크로 재정의
  (소스 파일 'CMornitoring.cpp'을(를) 컴파일하는 중)
      C:\Users\sdj53\Documents\GitHub\LockFree-NetworkLibrary\network_library\include\CLanServer.h(5,9):
      'INDEX_POS'의 이전 정의를 참조하십시오.
  
  CUser.cpp
  코드를 생성하고 있습니다.
  Previous IPDB not found, fall back to full compilation.
C:\Users\sdj53\Documents\GitHub\LockFree-NetworkLibrary\common_files\src\buffer\CMessage.cpp(142): warning C4715: 'CMessage::GetRealDataSize': 모든 제어 경로에서 값을 반환하지는 않습니다.
C:\Users\sdj53\Documents\GitHub\LockFree-NetworkLibrary\servers\monitoringserver\CMonitor.cpp(126): warning C4715: 'CMonitor::RunServer': 모든 제어 경로에서 값을 반환하지는 않습니다.
  All 1460 functions were compiled because no usable IPDB/IOBJ from previous compilation was found.
  코드를 생성했습니다.
  CMornitoring.vcxproj -> C:\Users\sdj53\Documents\GitHub\LockFree-NetworkLibrary\servers\monitoringserver\x64\Release\CMonitoring.exe
